<?xml version="1.0" encoding="UTF-8"?>
<testsuite xmlns:xsi="http://www.w3.org/2001/XMLSchema-instance" xsi:noNamespaceSchemaLocation="https://maven.apache.org/surefire/maven-surefire-plugin/xsd/surefire-test-report.xsd" name="com.boge.demo.AppTest" time="0.071" tests="2" errors="0" skipped="0" failures="0">
  <properties>
    <property name="sun.desktop" value="windows"/>
    <property name="awt.toolkit" value="sun.awt.windows.WToolkit"/>
    <property name="file.encoding.pkg" value="sun.io"/>
    <property name="java.specification.version" value="1.8"/>
    <property name="sun.cpu.isalist" value="amd64"/>
    <property name="sun.jnu.encoding" value="GBK"/>
    <property name="java.class.path" value="E:\workspace_id\NO2\demo\target\test-classes;E:\workspace_id\NO2\demo\target\classes;E:\javadl\maven\apache-maven-3.6.1\repo\org\springframework\boot\spring-boot-starter-web\2.0.5.RELEASE\spring-boot-starter-web-2.0.5.RELEASE.jar;E:\javadl\maven\apache-maven-3.6.1\repo\org\springframework\boot\spring-boot-starter\2.0.5.RELEASE\spring-boot-starter-2.0.5.RELEASE.jar;E:\javadl\maven\apache-maven-3.6.1\repo\org\springframework\boot\spring-boot\2.0.5.RELEASE\spring-boot-2.0.5.RELEASE.jar;E:\javadl\maven\apache-maven-3.6.1\repo\org\springframework\boot\spring-boot-autoconfigure\2.0.5.RELEASE\spring-boot-autoconfigure-2.0.5.RELEASE.jar;E:\javadl\maven\apache-maven-3.6.1\repo\javax\annotation\javax.annotation-api\1.3.2\javax.annotation-api-1.3.2.jar;E:\javadl\maven\apache-maven-3.6.1\repo\org\springframework\spring-core\5.0.9.RELEASE\spring-core-5.0.9.RELEASE.jar;E:\javadl\maven\apache-maven-3.6.1\repo\org\yaml\snakeyaml\1.19\snakeyaml-1.19.jar;E:\javadl\maven\apache-maven-3.6.1\repo\org\springframework\boot\spring-boot-starter-json\2.0.5.RELEASE\spring-boot-starter-json-2.0.5.RELEASE.jar;E:\javadl\maven\apache-maven-3.6.1\repo\com\fasterxml\jackson\core\jackson-databind\2.9.6\jackson-databind-2.9.6.jar;E:\javadl\maven\apache-maven-3.6.1\repo\com\fasterxml\jackson\core\jackson-annotations\2.9.0\jackson-annotations-2.9.0.jar;E:\javadl\maven\apache-maven-3.6.1\repo\com\fasterxml\jackson\core\jackson-core\2.9.6\jackson-core-2.9.6.jar;E:\javadl\maven\apache-maven-3.6.1\repo\com\fasterxml\jackson\datatype\jackson-datatype-jdk8\2.9.6\jackson-datatype-jdk8-2.9.6.jar;E:\javadl\maven\apache-maven-3.6.1\repo\com\fasterxml\jackson\datatype\jackson-datatype-jsr310\2.9.6\jackson-datatype-jsr310-2.9.6.jar;E:\javadl\maven\apache-maven-3.6.1\repo\com\fasterxml\jackson\module\jackson-module-parameter-names\2.9.6\jackson-module-parameter-names-2.9.6.jar;E:\javadl\maven\apache-maven-3.6.1\repo\org\springframework\boot\spring-boot-starter-tomcat\2.0.5.RELEASE\spring-boot-starter-tomcat-2.0.5.RELEASE.jar;E:\javadl\maven\apache-maven-3.6.1\repo\org\apache\tomcat\embed\tomcat-embed-core\8.5.34\tomcat-embed-core-8.5.34.jar;E:\javadl\maven\apache-maven-3.6.1\repo\org\apache\tomcat\embed\tomcat-embed-el\8.5.34\tomcat-embed-el-8.5.34.jar;E:\javadl\maven\apache-maven-3.6.1\repo\org\apache\tomcat\embed\tomcat-embed-websocket\8.5.34\tomcat-embed-websocket-8.5.34.jar;E:\javadl\maven\apache-maven-3.6.1\repo\org\hibernate\validator\hibernate-validator\6.0.12.Final\hibernate-validator-6.0.12.Final.jar;E:\javadl\maven\apache-maven-3.6.1\repo\org\springframework\spring-web\5.0.9.RELEASE\spring-web-5.0.9.RELEASE.jar;E:\javadl\maven\apache-maven-3.6.1\repo\org\springframework\spring-beans\5.0.9.RELEASE\spring-beans-5.0.9.RELEASE.jar;E:\javadl\maven\apache-maven-3.6.1\repo\org\springframework\spring-webmvc\5.0.9.RELEASE\spring-webmvc-5.0.9.RELEASE.jar;E:\javadl\maven\apache-maven-3.6.1\repo\org\springframework\spring-aop\5.0.9.RELEASE\spring-aop-5.0.9.RELEASE.jar;E:\javadl\maven\apache-maven-3.6.1\repo\org\springframework\spring-context\5.0.9.RELEASE\spring-context-5.0.9.RELEASE.jar;E:\javadl\maven\apache-maven-3.6.1\repo\org\springframework\spring-expression\5.0.9.RELEASE\spring-expression-5.0.9.RELEASE.jar;E:\javadl\maven\apache-maven-3.6.1\repo\mysql\mysql-connector-java\5.1.41\mysql-connector-java-5.1.41.jar;E:\javadl\maven\apache-maven-3.6.1\repo\com\alibaba\druid\1.1.3\druid-1.1.3.jar;C:\Program Files\Java\jdk1.8.0_181\jre\..\lib\jconsole.jar;C:\Program Files\Java\jdk1.8.0_181\jre\..\lib\tools.jar;E:\javadl\maven\apache-maven-3.6.1\repo\org\mybatis\spring\boot\mybatis-spring-boot-starter\1.3.1\mybatis-spring-boot-starter-1.3.1.jar;E:\javadl\maven\apache-maven-3.6.1\repo\org\springframework\boot\spring-boot-starter-jdbc\2.0.5.RELEASE\spring-boot-starter-jdbc-2.0.5.RELEASE.jar;E:\javadl\maven\apache-maven-3.6.1\repo\com\zaxxer\HikariCP\2.7.9\HikariCP-2.7.9.jar;E:\javadl\maven\apache-maven-3.6.1\repo\org\springframework\spring-jdbc\5.0.9.RELEASE\spring-jdbc-5.0.9.RELEASE.jar;E:\javadl\maven\apache-maven-3.6.1\repo\org\mybatis\spring\boot\mybatis-spring-boot-autoconfigure\1.3.1\mybatis-spring-boot-autoconfigure-1.3.1.jar;E:\javadl\maven\apache-maven-3.6.1\repo\org\mybatis\mybatis\3.4.5\mybatis-3.4.5.jar;E:\javadl\maven\apache-maven-3.6.1\repo\org\mybatis\mybatis-spring\1.3.1\mybatis-spring-1.3.1.jar;E:\javadl\maven\apache-maven-3.6.1\repo\org\apache\commons\commons-lang3\3.7\commons-lang3-3.7.jar;E:\javadl\maven\apache-maven-3.6.1\repo\commons-codec\commons-codec\1.11\commons-codec-1.11.jar;E:\javadl\maven\apache-maven-3.6.1\repo\org\springframework\boot\spring-boot-starter-log4j\1.3.8.RELEASE\spring-boot-starter-log4j-1.3.8.RELEASE.jar;E:\javadl\maven\apache-maven-3.6.1\repo\org\slf4j\jcl-over-slf4j\1.7.25\jcl-over-slf4j-1.7.25.jar;E:\javadl\maven\apache-maven-3.6.1\repo\org\slf4j\slf4j-api\1.7.25\slf4j-api-1.7.25.jar;E:\javadl\maven\apache-maven-3.6.1\repo\org\slf4j\jul-to-slf4j\1.7.25\jul-to-slf4j-1.7.25.jar;E:\javadl\maven\apache-maven-3.6.1\repo\org\slf4j\slf4j-log4j12\1.7.25\slf4j-log4j12-1.7.25.jar;E:\javadl\maven\apache-maven-3.6.1\repo\log4j\log4j\1.2.17\log4j-1.2.17.jar;E:\javadl\maven\apache-maven-3.6.1\repo\org\hibernate\hibernate-validator\5.2.4.Final\hibernate-validator-5.2.4.Final.jar;E:\javadl\maven\apache-maven-3.6.1\repo\javax\validation\validation-api\2.0.1.Final\validation-api-2.0.1.Final.jar;E:\javadl\maven\apache-maven-3.6.1\repo\org\jboss\logging\jboss-logging\3.3.2.Final\jboss-logging-3.3.2.Final.jar;E:\javadl\maven\apache-maven-3.6.1\repo\com\fasterxml\classmate\1.3.4\classmate-1.3.4.jar;E:\javadl\maven\apache-maven-3.6.1\repo\joda-time\joda-time\2.9.1\joda-time-2.9.1.jar;E:\javadl\maven\apache-maven-3.6.1\repo\org\springframework\boot\spring-boot-starter-data-redis\2.0.5.RELEASE\spring-boot-starter-data-redis-2.0.5.RELEASE.jar;E:\javadl\maven\apache-maven-3.6.1\repo\org\springframework\data\spring-data-redis\2.0.10.RELEASE\spring-data-redis-2.0.10.RELEASE.jar;E:\javadl\maven\apache-maven-3.6.1\repo\org\springframework\data\spring-data-keyvalue\2.0.10.RELEASE\spring-data-keyvalue-2.0.10.RELEASE.jar;E:\javadl\maven\apache-maven-3.6.1\repo\org\springframework\data\spring-data-commons\2.0.10.RELEASE\spring-data-commons-2.0.10.RELEASE.jar;E:\javadl\maven\apache-maven-3.6.1\repo\org\springframework\spring-tx\5.0.9.RELEASE\spring-tx-5.0.9.RELEASE.jar;E:\javadl\maven\apache-maven-3.6.1\repo\org\springframework\spring-oxm\5.0.9.RELEASE\spring-oxm-5.0.9.RELEASE.jar;E:\javadl\maven\apache-maven-3.6.1\repo\org\springframework\spring-context-support\5.0.9.RELEASE\spring-context-support-5.0.9.RELEASE.jar;E:\javadl\maven\apache-maven-3.6.1\repo\io\lettuce\lettuce-core\5.0.5.RELEASE\lettuce-core-5.0.5.RELEASE.jar;E:\javadl\maven\apache-maven-3.6.1\repo\io\projectreactor\reactor-core\3.1.9.RELEASE\reactor-core-3.1.9.RELEASE.jar;E:\javadl\maven\apache-maven-3.6.1\repo\org\reactivestreams\reactive-streams\1.0.2\reactive-streams-1.0.2.jar;E:\javadl\maven\apache-maven-3.6.1\repo\io\netty\netty-common\4.1.29.Final\netty-common-4.1.29.Final.jar;E:\javadl\maven\apache-maven-3.6.1\repo\io\netty\netty-transport\4.1.29.Final\netty-transport-4.1.29.Final.jar;E:\javadl\maven\apache-maven-3.6.1\repo\io\netty\netty-buffer\4.1.29.Final\netty-buffer-4.1.29.Final.jar;E:\javadl\maven\apache-maven-3.6.1\repo\io\netty\netty-resolver\4.1.29.Final\netty-resolver-4.1.29.Final.jar;E:\javadl\maven\apache-maven-3.6.1\repo\io\netty\netty-handler\4.1.29.Final\netty-handler-4.1.29.Final.jar;E:\javadl\maven\apache-maven-3.6.1\repo\io\netty\netty-codec\4.1.29.Final\netty-codec-4.1.29.Final.jar;E:\javadl\maven\apache-maven-3.6.1\repo\org\springframework\session\spring-session-data-redis\2.0.5.RELEASE\spring-session-data-redis-2.0.5.RELEASE.jar;E:\javadl\maven\apache-maven-3.6.1\repo\org\springframework\session\spring-session-core\2.0.6.RELEASE\spring-session-core-2.0.6.RELEASE.jar;E:\javadl\maven\apache-maven-3.6.1\repo\org\springframework\spring-jcl\5.0.9.RELEASE\spring-jcl-5.0.9.RELEASE.jar;E:\javadl\maven\apache-maven-3.6.1\repo\com\google\guava\guava\18.0\guava-18.0.jar;E:\javadl\maven\apache-maven-3.6.1\repo\org\apache\rocketmq\rocketmq-client\4.4.0\rocketmq-client-4.4.0.jar;E:\javadl\maven\apache-maven-3.6.1\repo\org\apache\rocketmq\rocketmq-common\4.4.0\rocketmq-common-4.4.0.jar;E:\javadl\maven\apache-maven-3.6.1\repo\org\apache\rocketmq\rocketmq-remoting\4.4.0\rocketmq-remoting-4.4.0.jar;E:\javadl\maven\apache-maven-3.6.1\repo\com\alibaba\fastjson\1.2.51\fastjson-1.2.51.jar;E:\javadl\maven\apache-maven-3.6.1\repo\io\netty\netty-all\4.1.29.Final\netty-all-4.1.29.Final.jar;E:\javadl\maven\apache-maven-3.6.1\repo\org\apache\rocketmq\rocketmq-logging\4.4.0\rocketmq-logging-4.4.0.jar;E:\javadl\maven\apache-maven-3.6.1\repo\io\netty\netty-tcnative-boringssl-static\1.1.33.Fork26\netty-tcnative-boringssl-static-1.1.33.Fork26.jar;E:\javadl\maven\apache-maven-3.6.1\repo\junit\junit\4.11\junit-4.11.jar;E:\javadl\maven\apache-maven-3.6.1\repo\org\hamcrest\hamcrest-core\1.3\hamcrest-core-1.3.jar;"/>
    <property name="java.vm.vendor" value="Oracle Corporation"/>
    <property name="sun.arch.data.model" value="64"/>
    <property name="user.variant" value=""/>
    <property name="java.vendor.url" value="http://java.oracle.com/"/>
    <property name="user.timezone" value="Asia/Shanghai"/>
    <property name="java.vm.specification.version" value="1.8"/>
    <property name="os.name" value="Windows 10"/>
    <property name="user.country" value="CN"/>
    <property name="sun.java.launcher" value="SUN_STANDARD"/>
    <property name="sun.boot.library.path" value="C:\Program Files\Java\jdk1.8.0_181\jre\bin"/>
    <property name="sun.java.command" value="C:\Users\ADMINI~1\AppData\Local\Temp\surefire1030904822140059609\surefirebooter1709022261213951769.jar C:\Users\Administrator\AppData\Local\Temp\surefire1030904822140059609 2019-07-29T18-19-19_669-jvmRun1 surefire5959021418106973394tmp surefire_02504808078467435911tmp"/>
    <property name="surefire.test.class.path" value="E:\workspace_id\NO2\demo\target\test-classes;E:\workspace_id\NO2\demo\target\classes;E:\javadl\maven\apache-maven-3.6.1\repo\org\springframework\boot\spring-boot-starter-web\2.0.5.RELEASE\spring-boot-starter-web-2.0.5.RELEASE.jar;E:\javadl\maven\apache-maven-3.6.1\repo\org\springframework\boot\spring-boot-starter\2.0.5.RELEASE\spring-boot-starter-2.0.5.RELEASE.jar;E:\javadl\maven\apache-maven-3.6.1\repo\org\springframework\boot\spring-boot\2.0.5.RELEASE\spring-boot-2.0.5.RELEASE.jar;E:\javadl\maven\apache-maven-3.6.1\repo\org\springframework\boot\spring-boot-autoconfigure\2.0.5.RELEASE\spring-boot-autoconfigure-2.0.5.RELEASE.jar;E:\javadl\maven\apache-maven-3.6.1\repo\javax\annotation\javax.annotation-api\1.3.2\javax.annotation-api-1.3.2.jar;E:\javadl\maven\apache-maven-3.6.1\repo\org\springframework\spring-core\5.0.9.RELEASE\spring-core-5.0.9.RELEASE.jar;E:\javadl\maven\apache-maven-3.6.1\repo\org\yaml\snakeyaml\1.19\snakeyaml-1.19.jar;E:\javadl\maven\apache-maven-3.6.1\repo\org\springframework\boot\spring-boot-starter-json\2.0.5.RELEASE\spring-boot-starter-json-2.0.5.RELEASE.jar;E:\javadl\maven\apache-maven-3.6.1\repo\com\fasterxml\jackson\core\jackson-databind\2.9.6\jackson-databind-2.9.6.jar;E:\javadl\maven\apache-maven-3.6.1\repo\com\fasterxml\jackson\core\jackson-annotations\2.9.0\jackson-annotations-2.9.0.jar;E:\javadl\maven\apache-maven-3.6.1\repo\com\fasterxml\jackson\core\jackson-core\2.9.6\jackson-core-2.9.6.jar;E:\javadl\maven\apache-maven-3.6.1\repo\com\fasterxml\jackson\datatype\jackson-datatype-jdk8\2.9.6\jackson-datatype-jdk8-2.9.6.jar;E:\javadl\maven\apache-maven-3.6.1\repo\com\fasterxml\jackson\datatype\jackson-datatype-jsr310\2.9.6\jackson-datatype-jsr310-2.9.6.jar;E:\javadl\maven\apache-maven-3.6.1\repo\com\fasterxml\jackson\module\jackson-module-parameter-names\2.9.6\jackson-module-parameter-names-2.9.6.jar;E:\javadl\maven\apache-maven-3.6.1\repo\org\springframework\boot\spring-boot-starter-tomcat\2.0.5.RELEASE\spring-boot-starter-tomcat-2.0.5.RELEASE.jar;E:\javadl\maven\apache-maven-3.6.1\repo\org\apache\tomcat\embed\tomcat-embed-core\8.5.34\tomcat-embed-core-8.5.34.jar;E:\javadl\maven\apache-maven-3.6.1\repo\org\apache\tomcat\embed\tomcat-embed-el\8.5.34\tomcat-embed-el-8.5.34.jar;E:\javadl\maven\apache-maven-3.6.1\repo\org\apache\tomcat\embed\tomcat-embed-websocket\8.5.34\tomcat-embed-websocket-8.5.34.jar;E:\javadl\maven\apache-maven-3.6.1\repo\org\hibernate\validator\hibernate-validator\6.0.12.Final\hibernate-validator-6.0.12.Final.jar;E:\javadl\maven\apache-maven-3.6.1\repo\org\springframework\spring-web\5.0.9.RELEASE\spring-web-5.0.9.RELEASE.jar;E:\javadl\maven\apache-maven-3.6.1\repo\org\springframework\spring-beans\5.0.9.RELEASE\spring-beans-5.0.9.RELEASE.jar;E:\javadl\maven\apache-maven-3.6.1\repo\org\springframework\spring-webmvc\5.0.9.RELEASE\spring-webmvc-5.0.9.RELEASE.jar;E:\javadl\maven\apache-maven-3.6.1\repo\org\springframework\spring-aop\5.0.9.RELEASE\spring-aop-5.0.9.RELEASE.jar;E:\javadl\maven\apache-maven-3.6.1\repo\org\springframework\spring-context\5.0.9.RELEASE\spring-context-5.0.9.RELEASE.jar;E:\javadl\maven\apache-maven-3.6.1\repo\org\springframework\spring-expression\5.0.9.RELEASE\spring-expression-5.0.9.RELEASE.jar;E:\javadl\maven\apache-maven-3.6.1\repo\mysql\mysql-connector-java\5.1.41\mysql-connector-java-5.1.41.jar;E:\javadl\maven\apache-maven-3.6.1\repo\com\alibaba\druid\1.1.3\druid-1.1.3.jar;C:\Program Files\Java\jdk1.8.0_181\jre\..\lib\jconsole.jar;C:\Program Files\Java\jdk1.8.0_181\jre\..\lib\tools.jar;E:\javadl\maven\apache-maven-3.6.1\repo\org\mybatis\spring\boot\mybatis-spring-boot-starter\1.3.1\mybatis-spring-boot-starter-1.3.1.jar;E:\javadl\maven\apache-maven-3.6.1\repo\org\springframework\boot\spring-boot-starter-jdbc\2.0.5.RELEASE\spring-boot-starter-jdbc-2.0.5.RELEASE.jar;E:\javadl\maven\apache-maven-3.6.1\repo\com\zaxxer\HikariCP\2.7.9\HikariCP-2.7.9.jar;E:\javadl\maven\apache-maven-3.6.1\repo\org\springframework\spring-jdbc\5.0.9.RELEASE\spring-jdbc-5.0.9.RELEASE.jar;E:\javadl\maven\apache-maven-3.6.1\repo\org\mybatis\spring\boot\mybatis-spring-boot-autoconfigure\1.3.1\mybatis-spring-boot-autoconfigure-1.3.1.jar;E:\javadl\maven\apache-maven-3.6.1\repo\org\mybatis\mybatis\3.4.5\mybatis-3.4.5.jar;E:\javadl\maven\apache-maven-3.6.1\repo\org\mybatis\mybatis-spring\1.3.1\mybatis-spring-1.3.1.jar;E:\javadl\maven\apache-maven-3.6.1\repo\org\apache\commons\commons-lang3\3.7\commons-lang3-3.7.jar;E:\javadl\maven\apache-maven-3.6.1\repo\commons-codec\commons-codec\1.11\commons-codec-1.11.jar;E:\javadl\maven\apache-maven-3.6.1\repo\org\springframework\boot\spring-boot-starter-log4j\1.3.8.RELEASE\spring-boot-starter-log4j-1.3.8.RELEASE.jar;E:\javadl\maven\apache-maven-3.6.1\repo\org\slf4j\jcl-over-slf4j\1.7.25\jcl-over-slf4j-1.7.25.jar;E:\javadl\maven\apache-maven-3.6.1\repo\org\slf4j\slf4j-api\1.7.25\slf4j-api-1.7.25.jar;E:\javadl\maven\apache-maven-3.6.1\repo\org\slf4j\jul-to-slf4j\1.7.25\jul-to-slf4j-1.7.25.jar;E:\javadl\maven\apache-maven-3.6.1\repo\org\slf4j\slf4j-log4j12\1.7.25\slf4j-log4j12-1.7.25.jar;E:\javadl\maven\apache-maven-3.6.1\repo\log4j\log4j\1.2.17\log4j-1.2.17.jar;E:\javadl\maven\apache-maven-3.6.1\repo\org\hibernate\hibernate-validator\5.2.4.Final\hibernate-validator-5.2.4.Final.jar;E:\javadl\maven\apache-maven-3.6.1\repo\javax\validation\validation-api\2.0.1.Final\validation-api-2.0.1.Final.jar;E:\javadl\maven\apache-maven-3.6.1\repo\org\jboss\logging\jboss-logging\3.3.2.Final\jboss-logging-3.3.2.Final.jar;E:\javadl\maven\apache-maven-3.6.1\repo\com\fasterxml\classmate\1.3.4\classmate-1.3.4.jar;E:\javadl\maven\apache-maven-3.6.1\repo\joda-time\joda-time\2.9.1\joda-time-2.9.1.jar;E:\javadl\maven\apache-maven-3.6.1\repo\org\springframework\boot\spring-boot-starter-data-redis\2.0.5.RELEASE\spring-boot-starter-data-redis-2.0.5.RELEASE.jar;E:\javadl\maven\apache-maven-3.6.1\repo\org\springframework\data\spring-data-redis\2.0.10.RELEASE\spring-data-redis-2.0.10.RELEASE.jar;E:\javadl\maven\apache-maven-3.6.1\repo\org\springframework\data\spring-data-keyvalue\2.0.10.RELEASE\spring-data-keyvalue-2.0.10.RELEASE.jar;E:\javadl\maven\apache-maven-3.6.1\repo\org\springframework\data\spring-data-commons\2.0.10.RELEASE\spring-data-commons-2.0.10.RELEASE.jar;E:\javadl\maven\apache-maven-3.6.1\repo\org\springframework\spring-tx\5.0.9.RELEASE\spring-tx-5.0.9.RELEASE.jar;E:\javadl\maven\apache-maven-3.6.1\repo\org\springframework\spring-oxm\5.0.9.RELEASE\spring-oxm-5.0.9.RELEASE.jar;E:\javadl\maven\apache-maven-3.6.1\repo\org\springframework\spring-context-support\5.0.9.RELEASE\spring-context-support-5.0.9.RELEASE.jar;E:\javadl\maven\apache-maven-3.6.1\repo\io\lettuce\lettuce-core\5.0.5.RELEASE\lettuce-core-5.0.5.RELEASE.jar;E:\javadl\maven\apache-maven-3.6.1\repo\io\projectreactor\reactor-core\3.1.9.RELEASE\reactor-core-3.1.9.RELEASE.jar;E:\javadl\maven\apache-maven-3.6.1\repo\org\reactivestreams\reactive-streams\1.0.2\reactive-streams-1.0.2.jar;E:\javadl\maven\apache-maven-3.6.1\repo\io\netty\netty-common\4.1.29.Final\netty-common-4.1.29.Final.jar;E:\javadl\maven\apache-maven-3.6.1\repo\io\netty\netty-transport\4.1.29.Final\netty-transport-4.1.29.Final.jar;E:\javadl\maven\apache-maven-3.6.1\repo\io\netty\netty-buffer\4.1.29.Final\netty-buffer-4.1.29.Final.jar;E:\javadl\maven\apache-maven-3.6.1\repo\io\netty\netty-resolver\4.1.29.Final\netty-resolver-4.1.29.Final.jar;E:\javadl\maven\apache-maven-3.6.1\repo\io\netty\netty-handler\4.1.29.Final\netty-handler-4.1.29.Final.jar;E:\javadl\maven\apache-maven-3.6.1\repo\io\netty\netty-codec\4.1.29.Final\netty-codec-4.1.29.Final.jar;E:\javadl\maven\apache-maven-3.6.1\repo\org\springframework\session\spring-session-data-redis\2.0.5.RELEASE\spring-session-data-redis-2.0.5.RELEASE.jar;E:\javadl\maven\apache-maven-3.6.1\repo\org\springframework\session\spring-session-core\2.0.6.RELEASE\spring-session-core-2.0.6.RELEASE.jar;E:\javadl\maven\apache-maven-3.6.1\repo\org\springframework\spring-jcl\5.0.9.RELEASE\spring-jcl-5.0.9.RELEASE.jar;E:\javadl\maven\apache-maven-3.6.1\repo\com\google\guava\guava\18.0\guava-18.0.jar;E:\javadl\maven\apache-maven-3.6.1\repo\org\apache\rocketmq\rocketmq-client\4.4.0\rocketmq-client-4.4.0.jar;E:\javadl\maven\apache-maven-3.6.1\repo\org\apache\rocketmq\rocketmq-common\4.4.0\rocketmq-common-4.4.0.jar;E:\javadl\maven\apache-maven-3.6.1\repo\org\apache\rocketmq\rocketmq-remoting\4.4.0\rocketmq-remoting-4.4.0.jar;E:\javadl\maven\apache-maven-3.6.1\repo\com\alibaba\fastjson\1.2.51\fastjson-1.2.51.jar;E:\javadl\maven\apache-maven-3.6.1\repo\io\netty\netty-all\4.1.29.Final\netty-all-4.1.29.Final.jar;E:\javadl\maven\apache-maven-3.6.1\repo\org\apache\rocketmq\rocketmq-logging\4.4.0\rocketmq-logging-4.4.0.jar;E:\javadl\maven\apache-maven-3.6.1\repo\io\netty\netty-tcnative-boringssl-static\1.1.33.Fork26\netty-tcnative-boringssl-static-1.1.33.Fork26.jar;E:\javadl\maven\apache-maven-3.6.1\repo\junit\junit\4.11\junit-4.11.jar;E:\javadl\maven\apache-maven-3.6.1\repo\org\hamcrest\hamcrest-core\1.3\hamcrest-core-1.3.jar;"/>
    <property name="sun.cpu.endian" value="little"/>
    <property name="user.home" value="C:\Users\Administrator"/>
    <property name="user.language" value="zh"/>
    <property name="java.specification.vendor" value="Oracle Corporation"/>
    <property name="java.home" value="C:\Program Files\Java\jdk1.8.0_181\jre"/>
    <property name="basedir" value="E:\workspace_id\NO2\demo"/>
    <property name="file.separator" value="\"/>
    <property name="line.separator" value="&#10;"/>
    <property name="java.vm.specification.vendor" value="Oracle Corporation"/>
    <property name="java.specification.name" value="Java Platform API Specification"/>
    <property name="java.awt.graphicsenv" value="sun.awt.Win32GraphicsEnvironment"/>
    <property name="surefire.real.class.path" value="C:\Users\ADMINI~1\AppData\Local\Temp\surefire1030904822140059609\surefirebooter1709022261213951769.jar"/>
    <property name="sun.boot.class.path" value="C:\Program Files\Java\jdk1.8.0_181\jre\lib\resources.jar;C:\Program Files\Java\jdk1.8.0_181\jre\lib\rt.jar;C:\Program Files\Java\jdk1.8.0_181\jre\lib\sunrsasign.jar;C:\Program Files\Java\jdk1.8.0_181\jre\lib\jsse.jar;C:\Program Files\Java\jdk1.8.0_181\jre\lib\jce.jar;C:\Program Files\Java\jdk1.8.0_181\jre\lib\charsets.jar;C:\Program Files\Java\jdk1.8.0_181\jre\lib\jfr.jar;C:\Program Files\Java\jdk1.8.0_181\jre\classes"/>
    <property name="user.script" value=""/>
    <property name="sun.management.compiler" value="HotSpot 64-Bit Tiered Compilers"/>
    <property name="java.runtime.version" value="1.8.0_181-b13"/>
    <property name="user.name" value="Administrator"/>
    <property name="path.separator" value=";"/>
    <property name="os.version" value="10.0"/>
    <property name="java.endorsed.dirs" value="C:\Program Files\Java\jdk1.8.0_181\jre\lib\endorsed"/>
    <property name="java.runtime.name" value="Java(TM) SE Runtime Environment"/>
    <property name="file.encoding" value="GBK"/>
    <property name="java.vm.name" value="Java HotSpot(TM) 64-Bit Server VM"/>
    <property name="localRepository" value="E:\javadl\maven\apache-maven-3.6.1\repo"/>
    <property name="java.vendor.url.bug" value="http://bugreport.sun.com/bugreport/"/>
    <property name="java.io.tmpdir" value="C:\Users\ADMINI~1\AppData\Local\Temp\"/>
    <property name="idea.version" value="2017.3"/>
    <property name="java.version" value="1.8.0_181"/>
    <property name="user.dir" value="E:\workspace_id\NO2\demo"/>
    <property name="os.arch" value="amd64"/>
    <property name="java.vm.specification.name" value="Java Virtual Machine Specification"/>
    <property name="java.awt.printerjob" value="sun.awt.windows.WPrinterJob"/>
    <property name="sun.os.patch.level" value=""/>
    <property name="java.library.path" value="C:\Program Files\Java\jdk1.8.0_181\jre\bin;C:\Windows\Sun\Java\bin;C:\Windows\system32;C:\Windows;C:\Program Files (x86)\Common Files\Oracle\Java\javapath;C:\Windows\system32;C:\Windows;C:\Windows\System32\Wbem;C:\Windows\System32\WindowsPowerShell\v1.0\;C:\Windows\System32\OpenSSH\;C:\Program Files\MySQL\MySQL Utilities 1.6\;C:\Program Files\Java\jdk1.8.0_181\bin;E:\javadl\maven\apache-maven-3.6.1\bin;C:\Users\Administrator\AppData\Local\Microsoft\WindowsApps;;."/>
    <property name="java.vm.info" value="mixed mode"/>
    <property name="java.vendor" value="Oracle Corporation"/>
    <property name="java.vm.version" value="25.181-b13"/>
    <property name="java.ext.dirs" value="C:\Program Files\Java\jdk1.8.0_181\jre\lib\ext;C:\Windows\Sun\Java\lib\ext"/>
    <property name="sun.io.unicode.encoding" value="UnicodeLittle"/>
    <property name="java.class.version" value="52.0"/>
  </properties>
  <testcase name="shouldAnswerWithTrue" classname="com.boge.demo.AppTest" time="0.001"/>
  <testcase name="testDateUtil1" classname="com.boge.demo.AppTest" time="0"/>
</testsuite>